This is pdfTeX, Version 3.141592653-2.6-1.40.29 (TeX Live 2026) (preloaded format=pdflatex 2026.6.21)  21 JUN 2026 16:56
entering extended mode
 restricted \write18 enabled.
 %&-line parsing enabled.
**main_wiley.tex
(./main_wiley.tex
LaTeX2e <2025-11-01>
L3 programming layer <2026-01-19>
(/usr/local/texlive/2026/texmf-dist/tex/latex/base/article.cls
Document Class: article 2025/01/22 v1.4n Standard LaTeX document class
(/usr/local/texlive/2026/texmf-dist/tex/latex/base/size12.clo
File: size12.clo 2025/01/22 v1.4n Standard LaTeX file (size option)
)
\c@part=\count275
\c@section=\count276
\c@subsection=\count277
\c@subsubsection=\count278
\c@paragraph=\count279
\c@subparagraph=\count280
\c@figure=\count281
\c@table=\count282
\abovecaptionskip=\skip49
\belowcaptionskip=\skip50
\bibindent=\dimen148
)
(/usr/local/texlive/2026/texmf-dist/tex/latex/natbib/natbib.sty
Package: natbib 2010/09/13 8.31b (PWD, AO)
\bibhang=\skip51
\bibsep=\skip52
LaTeX Info: Redefining \cite on input line 694.
\c@NAT@ctr=\count283
)
(./macros/commands.tex
(/usr/local/texlive/2026/texmf-dist/tex/latex/base/inputenc.sty
Package: inputenc 2024/02/08 v1.3d Input encoding file
\inpenc@prehook=\toks17
\inpenc@posthook=\toks18
)
(/usr/local/texlive/2026/texmf-dist/tex/latex/base/fontenc.sty
Package: fontenc 2025/07/18 v2.1d Standard LaTeX package
)
(/usr/local/texlive/2026/texmf-dist/tex/latex/graphics/graphicx.sty
Package: graphicx 2024/12/31 v1.2e Enhanced LaTeX Graphics (DPC,SPQR)

(/usr/local/texlive/2026/texmf-dist/tex/latex/graphics/keyval.sty
Package: keyval 2022/05/29 v1.15 key=value parser (DPC)
\KV@toks@=\toks19
)
(/usr/local/texlive/2026/texmf-dist/tex/latex/graphics/graphics.sty
Package: graphics 2024/08/06 v1.4g Standard LaTeX Graphics (DPC,SPQR)

(/usr/local/texlive/2026/texmf-dist/tex/latex/graphics/trig.sty
Package: trig 2023/12/02 v1.11 sin cos tan (DPC)
)
(/usr/local/texlive/2026/texmf-dist/tex/latex/graphics-cfg/graphics.cfg
File: graphics.cfg 2016/06/04 v1.11 sample graphics configuration
)
Package graphics Info: Driver file: pdftex.def on input line 106.

(/usr/local/texlive/2026/texmf-dist/tex/latex/graphics-def/pdftex.def
File: pdftex.def 2025/09/29 v1.2d Graphics/color driver for pdftex
))
\Gin@req@height=\dimen149
\Gin@req@width=\dimen150
)
(/usr/local/texlive/2026/texmf-dist/tex/latex/booktabs/booktabs.sty
Package: booktabs 2020/01/12 v1.61803398 Publication quality tables
\heavyrulewidth=\dimen151
\lightrulewidth=\dimen152
\cmidrulewidth=\dimen153
\belowrulesep=\dimen154
\belowbottomsep=\dimen155
\aboverulesep=\dimen156
\abovetopsep=\dimen157
\cmidrulesep=\dimen158
\cmidrulekern=\dimen159
\defaultaddspace=\dimen160
\@cmidla=\count284
\@cmidlb=\count285
\@aboverulesep=\dimen161
\@belowrulesep=\dimen162
\@thisruleclass=\count286
\@lastruleclass=\count287
\@thisrulewidth=\dimen163
)
(/usr/local/texlive/2026/texmf-dist/tex/latex/amsmath/amsmath.sty
Package: amsmath 2025/07/09 v2.17z AMS math features
\@mathmargin=\skip53

For additional information on amsmath, use the `?' option.
(/usr/local/texlive/2026/texmf-dist/tex/latex/amsmath/amstext.sty
Package: amstext 2024/11/17 v2.01 AMS text

(/usr/local/texlive/2026/texmf-dist/tex/latex/amsmath/amsgen.sty
File: amsgen.sty 1999/11/30 v2.0 generic functions
\@emptytoks=\toks20
\ex@=\dimen164
))
(/usr/local/texlive/2026/texmf-dist/tex/latex/amsmath/amsbsy.sty
Package: amsbsy 1999/11/29 v1.2d Bold Symbols
\pmbraise@=\dimen165
)
(/usr/local/texlive/2026/texmf-dist/tex/latex/amsmath/amsopn.sty
Package: amsopn 2022/04/08 v2.04 operator names
)
\inf@bad=\count288
LaTeX Info: Redefining \frac on input line 233.
\uproot@=\count289
\leftroot@=\count290
LaTeX Info: Redefining \overline on input line 398.
LaTeX Info: Redefining \colon on input line 409.
\classnum@=\count291
\DOTSCASE@=\count292
LaTeX Info: Redefining \ldots on input line 495.
LaTeX Info: Redefining \dots on input line 498.
LaTeX Info: Redefining \cdots on input line 619.
\Mathstrutbox@=\box53
\strutbox@=\box54
LaTeX Info: Redefining \big on input line 721.
LaTeX Info: Redefining \Big on input line 722.
LaTeX Info: Redefining \bigg on input line 723.
LaTeX Info: Redefining \Bigg on input line 724.
\big@size=\dimen166
LaTeX Font Info:    Redeclaring font encoding OML on input line 742.
LaTeX Font Info:    Redeclaring font encoding OMS on input line 743.
\macc@depth=\count293
LaTeX Info: Redefining \bmod on input line 904.
LaTeX Info: Redefining \pmod on input line 909.
LaTeX Info: Redefining \smash on input line 939.
LaTeX Info: Redefining \relbar on input line 969.
LaTeX Info: Redefining \Relbar on input line 970.
\c@MaxMatrixCols=\count294
\dotsspace@=\muskip17
\c@parentequation=\count295
\dspbrk@lvl=\count296
\tag@help=\toks21
\row@=\count297
\column@=\count298
\maxfields@=\count299
\andhelp@=\toks22
\eqnshift@=\dimen167
\alignsep@=\dimen168
\tagshift@=\dimen169
\tagwidth@=\dimen170
\totwidth@=\dimen171
\lineht@=\dimen172
\@envbody=\toks23
\multlinegap=\skip54
\multlinetaggap=\skip55
\mathdisplay@stack=\toks24
LaTeX Info: Redefining \[ on input line 2950.
LaTeX Info: Redefining \] on input line 2951.
)
(/usr/local/texlive/2026/texmf-dist/tex/latex/amsfonts/amssymb.sty
Package: amssymb 2013/01/14 v3.01 AMS font symbols

(/usr/local/texlive/2026/texmf-dist/tex/latex/amsfonts/amsfonts.sty
Package: amsfonts 2013/01/14 v3.01 Basic AMSFonts support
\symAMSa=\mathgroup4
\symAMSb=\mathgroup5
LaTeX Font Info:    Redeclaring math symbol \hbar on input line 98.
LaTeX Font Info:    Overwriting math alphabet `\mathfrak' in version `bold'
(Font)                  U/euf/m/n --> U/euf/b/n on input line 106.
))
(/usr/local/texlive/2026/texmf-dist/tex/latex/hyperref/hyperref.sty
Package: hyperref 2026-01-29 v7.01p Hypertext links for LaTeX

(/usr/local/texlive/2026/texmf-dist/tex/generic/iftex/iftex.sty
Package: iftex 2024/12/12 v1.0g TeX engine tests
)
(/usr/local/texlive/2026/texmf-dist/tex/latex/kvsetkeys/kvsetkeys.sty
Package: kvsetkeys 2022-10-05 v1.19 Key value parser (HO)
)
(/usr/local/texlive/2026/texmf-dist/tex/generic/kvdefinekeys/kvdefinekeys.sty
Package: kvdefinekeys 2019-12-19 v1.6 Define keys (HO)
)
(/usr/local/texlive/2026/texmf-dist/tex/generic/pdfescape/pdfescape.sty
Package: pdfescape 2019/12/09 v1.15 Implements pdfTeX's escape features (HO)

(/usr/local/texlive/2026/texmf-dist/tex/generic/ltxcmds/ltxcmds.sty
Package: ltxcmds 2023-12-04 v1.26 LaTeX kernel commands for general use (HO)
)
(/usr/local/texlive/2026/texmf-dist/tex/generic/pdftexcmds/pdftexcmds.sty
Package: pdftexcmds 2020-06-27 v0.33 Utility functions of pdfTeX for LuaTeX (HO
)

(/usr/local/texlive/2026/texmf-dist/tex/generic/infwarerr/infwarerr.sty
Package: infwarerr 2019/12/03 v1.5 Providing info/warning/error messages (HO)
)
Package pdftexcmds Info: \pdf@primitive is available.
Package pdftexcmds Info: \pdf@ifprimitive is available.
Package pdftexcmds Info: \pdfdraftmode found.
))
(/usr/local/texlive/2026/texmf-dist/tex/latex/hycolor/hycolor.sty
Package: hycolor 2020-01-27 v1.10 Color options for hyperref/bookmark (HO)
)
(/usr/local/texlive/2026/texmf-dist/tex/latex/hyperref/nameref.sty
Package: nameref 2026-01-29 v2.58 Cross-referencing by name of section

(/usr/local/texlive/2026/texmf-dist/tex/latex/refcount/refcount.sty
Package: refcount 2019/12/15 v3.6 Data extraction from label references (HO)
)
(/usr/local/texlive/2026/texmf-dist/tex/generic/gettitlestring/gettitlestring.s
ty
Package: gettitlestring 2019/12/15 v1.6 Cleanup title references (HO)
 (/usr/local/texlive/2026/texmf-dist/tex/latex/kvoptions/kvoptions.sty
Package: kvoptions 2022-06-15 v3.15 Key value format for package options (HO)
))
\c@section@level=\count300
)
(/usr/local/texlive/2026/texmf-dist/tex/latex/etoolbox/etoolbox.sty
Package: etoolbox 2025/10/02 v2.5m e-TeX tools for LaTeX (JAW)
\etb@tempcnta=\count301
)
(/usr/local/texlive/2026/texmf-dist/tex/generic/stringenc/stringenc.sty
Package: stringenc 2019/11/29 v1.12 Convert strings between diff. encodings (HO
)
)
\@linkdim=\dimen173
\Hy@linkcounter=\count302
\Hy@pagecounter=\count303

(/usr/local/texlive/2026/texmf-dist/tex/latex/hyperref/pd1enc.def
File: pd1enc.def 2026-01-29 v7.01p Hyperref: PDFDocEncoding definition (HO)
Now handling font encoding PD1 ...
... no UTF-8 mapping file for font encoding PD1
)
(/usr/local/texlive/2026/texmf-dist/tex/generic/intcalc/intcalc.sty
Package: intcalc 2019/12/15 v1.3 Expandable calculations with integers (HO)
)
\Hy@SavedSpaceFactor=\count304

(/usr/local/texlive/2026/texmf-dist/tex/latex/hyperref/puenc.def
File: puenc.def 2026-01-29 v7.01p Hyperref: PDF Unicode definition (HO)
Now handling font encoding PU ...
... no UTF-8 mapping file for font encoding PU
)
Package hyperref Info: Hyper figures OFF on input line 4201.
Package hyperref Info: Link nesting OFF on input line 4206.
Package hyperref Info: Hyper index ON on input line 4209.
Package hyperref Info: Plain pages OFF on input line 4216.
Package hyperref Info: Backreferencing OFF on input line 4221.
Package hyperref Info: Implicit mode ON; LaTeX internals redefined.
Package hyperref Info: Bookmarks ON on input line 4468.
\c@Hy@tempcnt=\count305

(/usr/local/texlive/2026/texmf-dist/tex/latex/url/url.sty
\Urlmuskip=\muskip18
Package: url 2013/09/16  ver 3.4  Verb mode for urls, etc.
)
LaTeX Info: Redefining \url on input line 4807.
\XeTeXLinkMargin=\dimen174

(/usr/local/texlive/2026/texmf-dist/tex/generic/bitset/bitset.sty
Package: bitset 2019/12/09 v1.3 Handle bit-vector datatype (HO)

(/usr/local/texlive/2026/texmf-dist/tex/generic/bigintcalc/bigintcalc.sty
Package: bigintcalc 2019/12/15 v1.5 Expandable calculations on big integers (HO
)
))
\Fld@menulength=\count306
\Field@Width=\dimen175
\Fld@charsize=\dimen176
Package hyperref Info: Hyper figures OFF on input line 6084.
Package hyperref Info: Link nesting OFF on input line 6089.
Package hyperref Info: Hyper index ON on input line 6092.
Package hyperref Info: backreferencing OFF on input line 6099.
Package hyperref Info: Link coloring OFF on input line 6104.
Package hyperref Info: Link coloring with OCG OFF on input line 6109.
Package hyperref Info: PDF/A mode OFF on input line 6114.
\Hy@abspage=\count307
\c@Item=\count308
\c@Hfootnote=\count309
)
Package hyperref Info: Driver (autodetected): hpdftex.

(/usr/local/texlive/2026/texmf-dist/tex/latex/hyperref/hpdftex.def
File: hpdftex.def 2026-01-29 v7.01p Hyperref driver for pdfTeX
\Fld@listcount=\count310
\c@bookmark@seq@number=\count311

(/usr/local/texlive/2026/texmf-dist/tex/latex/rerunfilecheck/rerunfilecheck.sty
Package: rerunfilecheck 2025-06-21 v1.11 Rerun checks for auxiliary files (HO)

(/usr/local/texlive/2026/texmf-dist/tex/generic/uniquecounter/uniquecounter.sty
Package: uniquecounter 2019/12/15 v1.4 Provide unlimited unique counter (HO)
)
Package uniquecounter Info: New unique counter `rerunfilecheck' on input line 2
84.
)
\Hy@SectionHShift=\skip56
) (/usr/local/texlive/2026/texmf-dist/tex/latex/xcolor/xcolor.sty
Package: xcolor 2024/09/29 v3.02 LaTeX color extensions (UK)

(/usr/local/texlive/2026/texmf-dist/tex/latex/graphics-cfg/color.cfg
File: color.cfg 2016/01/02 v1.6 sample color configuration
)
Package xcolor Info: Driver file: pdftex.def on input line 274.

(/usr/local/texlive/2026/texmf-dist/tex/latex/graphics/mathcolor.ltx)
Package xcolor Info: Model `cmy' substituted by `cmy0' on input line 1349.
Package xcolor Info: Model `hsb' substituted by `rgb' on input line 1353.
Package xcolor Info: Model `RGB' extended on input line 1365.
Package xcolor Info: Model `HTML' substituted by `rgb' on input line 1367.
Package xcolor Info: Model `Hsb' substituted by `hsb' on input line 1368.
Package xcolor Info: Model `tHsb' substituted by `hsb' on input line 1369.
Package xcolor Info: Model `HSB' substituted by `hsb' on input line 1370.
Package xcolor Info: Model `Gray' substituted by `gray' on input line 1371.
Package xcolor Info: Model `wave' substituted by `hsb' on input line 1372.
))
(./macros/journals.tex)
(/usr/local/texlive/2026/texmf-dist/tex/latex/l3backend/l3backend-pdftex.def
File: l3backend-pdftex.def 2025-10-09 L3 backend support: PDF output (pdfTeX)
\l__color_backend_stack_int=\count312
)
(./main_wiley.aux)
\openout1 = `main_wiley.aux'.

LaTeX Font Info:    Checking defaults for OML/cmm/m/it on input line 18.
LaTeX Font Info:    ... okay on input line 18.
LaTeX Font Info:    Checking defaults for OMS/cmsy/m/n on input line 18.
LaTeX Font Info:    ... okay on input line 18.
LaTeX Font Info:    Checking defaults for OT1/cmr/m/n on input line 18.
LaTeX Font Info:    ... okay on input line 18.
LaTeX Font Info:    Checking defaults for T1/cmr/m/n on input line 18.
LaTeX Font Info:    ... okay on input line 18.
LaTeX Font Info:    Checking defaults for TS1/cmr/m/n on input line 18.
LaTeX Font Info:    ... okay on input line 18.
LaTeX Font Info:    Checking defaults for OMX/cmex/m/n on input line 18.
LaTeX Font Info:    ... okay on input line 18.
LaTeX Font Info:    Checking defaults for U/cmr/m/n on input line 18.
LaTeX Font Info:    ... okay on input line 18.
LaTeX Font Info:    Checking defaults for PD1/pdf/m/n on input line 18.
LaTeX Font Info:    ... okay on input line 18.
LaTeX Font Info:    Checking defaults for PU/pdf/m/n on input line 18.
LaTeX Font Info:    ... okay on input line 18.

(/usr/local/texlive/2026/texmf-dist/tex/context/base/mkii/supp-pdf.mkii
[Loading MPS to PDF converter (version 2006.09.02).]
\scratchcounter=\count313
\scratchdimen=\dimen177
\scratchbox=\box55
\nofMPsegments=\count314
\nofMParguments=\count315
\everyMPshowfont=\toks25
\MPscratchCnt=\count316
\MPscratchDim=\dimen178
\MPnumerator=\count317
\makeMPintoPDFobject=\count318
\everyMPtoPDFconversion=\toks26
) (/usr/local/texlive/2026/texmf-dist/tex/latex/epstopdf-pkg/epstopdf-base.sty
Package: epstopdf-base 2020-01-24 v2.11 Base part for package epstopdf
Package epstopdf-base Info: Redefining graphics rule for `.eps' on input line 4
85.

(/usr/local/texlive/2026/texmf-dist/tex/latex/latexconfig/epstopdf-sys.cfg
File: epstopdf-sys.cfg 2010/07/13 v1.3 Configuration of (r)epstopdf for TeX Liv
e
))
Package hyperref Info: Link coloring OFF on input line 18.

(./main_wiley.out) (./main_wiley.out)
\@outlinefile=\write3
\openout3 = `main_wiley.out'.

LaTeX Font Info:    Trying to load font information for U+msa on input line 20.


(/usr/local/texlive/2026/texmf-dist/tex/latex/amsfonts/umsa.fd
File: umsa.fd 2013/01/14 v3.01 AMS symbols A
)
LaTeX Font Info:    Trying to load font information for U+msb on input line 20.


(/usr/local/texlive/2026/texmf-dist/tex/latex/amsfonts/umsb.fd
File: umsb.fd 2013/01/14 v3.01 AMS symbols B
)
(./sections/00_title_metadata.tex) (./sections/01_abstract.tex)
(./sections/02_introduction.tex [1

{/usr/local/texlive/2026/texmf-var/fonts/map/pdftex/updmap/pdftex.map}{/usr/loc
al/texlive/2026/texmf-dist/fonts/enc/dvips/cm-super/cm-super-t1.enc}]) (./secti
ons/03_literature_gap.tex)
(./sections/04_conceptual_framework.tex [2]
Overfull \hbox (18.76952pt too wide) in paragraph at lines 12--13
[]\T1/cmr/bx/n/12 B1 \T1/cmr/m/n/12 ob-served his-tor-i-cal al-lo-ca-tion (na-t
ional area-share proxy where needed); 
 []

) (./sections/05_data.tex
<../figures/crop_universe_pareto.pdf, id=158, 642.76949pt x 426.0605pt>
File: ../figures/crop_universe_pareto.pdf Graphic file (type pdf)
<use ../figures/crop_universe_pareto.pdf>
Package pdftex.def Info: ../figures/crop_universe_pareto.pdf  used on input lin
e 12.
(pdftex.def)             Requested size: 390.0pt x 258.51828pt.
 (../tables/crop_universe_pareto.tex)
<../figures/crop_area_trends.pdf, id=159, 714.95071pt x 426.0605pt>
File: ../figures/crop_area_trends.pdf Graphic file (type pdf)
<use ../figures/crop_area_trends.pdf>
Package pdftex.def Info: ../figures/crop_area_trends.pdf  used on input line 16
.
(pdftex.def)             Requested size: 390.0pt x 232.41615pt.

(../tables/profit_summary_by_crop.tex) [3{/usr/local/texlive/2026/texmf-dist/fo
nts/enc/dvips/cm-super/cm-super-ts1.enc}] [4 <../figures/crop_universe_pareto.p
df>] (../tables/price_summary_by_crop.tex) (../tables/cost_summary_by_crop.tex)
) (./sections/06_methods.tex [5 <../figures/crop_area_trends.pdf>]
Overfull \hbox (3.14409pt too wide) in paragraph at lines 10--11
[]\T1/cmr/m/n/12 price-scenario ro-bust-ness (ob-served, rolling av-er-age, ad-
verse shock, over-
 []

<../figures/correlation_matrix_profits.pdf, id=276, 877.9824pt x 903.12407pt>
File: ../figures/correlation_matrix_profits.pdf Graphic file (type pdf)
<use ../figures/correlation_matrix_profits.pdf>
Package pdftex.def Info: ../figures/correlation_matrix_profits.pdf  used on inp
ut line 21.
(pdftex.def)             Requested size: 390.0pt x 401.16547pt.
(../tables/correlation_matrix_profits.tex)) (./sections/07_results.tex [6]
[7 <../figures/correlation_matrix_profits.pdf>]
Overfull \hbox (0.75313pt too wide) in paragraph at lines 6--9
\T1/cmr/m/n/12 Figure []4[] and Ta-ble []6[] sum-ma-rize his-tor-i-cal back-tes
t per-for-mance across bench-
 []

<../figures/backtest_comparison.pdf, id=346, 859.73883pt x 353.79051pt>
File: ../figures/backtest_comparison.pdf Graphic file (type pdf)
<use ../figures/backtest_comparison.pdf>
Package pdftex.def Info: ../figures/backtest_comparison.pdf  used on input line
 10.
(pdftex.def)             Requested size: 390.0pt x 160.48907pt.
(../tables/backtest_summary.tex) (../tables/cvar_downside_risk.tex)
<../figures/cooperative_scale_comparison.pdf, id=348, 570.40036pt x 354.20015pt
>
File: ../figures/cooperative_scale_comparison.pdf Graphic file (type pdf)
<use ../figures/cooperative_scale_comparison.pdf>
Package pdftex.def Info: ../figures/cooperative_scale_comparison.pdf  used on i
nput line 19.
(pdftex.def)             Requested size: 390.0pt x 242.18245pt.
<../figures/efficient_frontier.pdf, id=349, 567.70872pt x 353.79051pt>
File: ../figures/efficient_frontier.pdf Graphic file (type pdf)
<use ../figures/efficient_frontier.pdf>
Package pdftex.def Info: ../figures/efficient_frontier.pdf  used on input line 
23.
(pdftex.def)             Requested size: 390.0pt x 243.05223pt.

(../tables/efficient_frontier.tex) (../tables/optimization_weights.tex)
[8 <../figures/backtest_comparison.pdf>] [9 <../figures/cooperative_scale_compa
rison.pdf>] [10 <../figures/efficient_frontier.pdf>]
(../tables/welfare_sharing_comparison.tex)
(../tables/gini_coefficient_summary.tex) (../tables/member_welfare_change.tex)

LaTeX Warning: Float too large for page by 111.69937pt on input line 39.

(../tables/hypothesis_test_summary.tex) [11] [12])
(./sections/08_robustness.tex
Overfull \hbox (24.15137pt too wide) in paragraph at lines 4--7
\T1/cmr/m/n/12 vari-ants, co-op-er-a-tive scales, price as-sump-tions, risk-ave
rsion pa-ram-e-ters, scenario-
 []

<../figures/robustness_heatmap.pdf, id=511, 680.0103pt x 282.19077pt>
File: ../figures/robustness_heatmap.pdf Graphic file (type pdf)
<use ../figures/robustness_heatmap.pdf>
Package pdftex.def Info: ../figures/robustness_heatmap.pdf  used on input line 
8.
(pdftex.def)             Requested size: 390.0pt x 161.84074pt.
(../tables/robustness_summary.tex)) (./sections/09_discussion.tex
Overfull \hbox (14.44923pt too wide) in paragraph at lines 11--1
\T1/cmr/m/n/12 ness sum-mary ta-ble. Crop-universe ro-bust-ness vari-ants and d
ed-i-cated historical-
 []


Overfull \hbox (6.03468pt too wide) in paragraph at lines 11--1
\T1/cmr/m/n/12 window ta-bles are re-ported where gen-er-ated by \T1/cmtt/m/n/1
2 scripts/run_robustness.py\T1/cmr/m/n/12 ;
 []

[13 <../figures/robustness_heatmap.pdf>]) (./sections/10_limitations.tex
Overfull \hbox (148.63629pt too wide) in paragraph at lines 4--6
\T1/cmr/m/n/12 This sec-tion sum-ma-rizes sci-en-tif-i-cally rel-e-vant lim-i-t
a-tions tracked in \T1/cmtt/m/n/12 paper/MANUSCRIPT_LIMITATIONS.md\T1/cmr/m/n/1
2 ;
 []


Overfull \hbox (6.55531pt too wide) in paragraph at lines 14--16
[]\T1/cmr/bx/n/12 Covariance in-sta-bil-ity. \T1/cmr/m/n/12 Sam-ple co-vari-anc
e es-ti-mates for many county--
 []

[14]) (./sections/11_conclusion.tex)
(./sections/12_reproducibility_statement.tex
Overfull \hbox (78.74391pt too wide) in paragraph at lines 11--15
\T1/cmr/m/n/12 censes (DE-FRA, AHDB, and ref-er-ence ta-bles doc-u-mented in \T
1/cmtt/m/n/12 data/metadata/sources.csv\T1/cmr/m/n/12 ).
 []


Overfull \hbox (16.73395pt too wide) in paragraph at lines 11--15
\T1/cmr/m/n/12 We do \T1/cmr/bx/n/12 not \T1/cmr/m/n/12 claim full re-pro-ducib
il-ity un-til \T1/cmtt/m/n/12 make reproduce \T1/cmr/m/n/12 and \T1/cmtt/m/n/12
 make paper-pdf
 []

) (./main_wiley.bbl [15]) (./appendices/appendix_a_data_sources.tex
Overfull \hbox (44.13148pt too wide) in paragraph at lines 8--12
\T1/cmr/m/n/12 listed in \T1/cmtt/m/n/12 data/metadata/sources.csv \T1/cmr/m/n/
12 and \T1/cmtt/m/n/12 outputs/reports/data_provenance.md\T1/cmr/m/n/12 .
 []

) (./appendices/appendix_b_additional_robustness.tex
Overfull \hbox (24.63196pt too wide) in paragraph at lines 13--1
[]\T1/cmr/m/n/12 Crop in-clu-sion and ex-clu-sion ra-tio-nales ap-pear in \T1/c
mtt/m/n/12 configs/assumptions.yaml
 []

<../figures/price_forecast_accuracy.pdf, id=575, 715.00186pt x 354.33089pt>
File: ../figures/price_forecast_accuracy.pdf Graphic file (type pdf)
<use ../figures/price_forecast_accuracy.pdf>
Package pdftex.def Info: ../figures/price_forecast_accuracy.pdf  used on input 
line 7.
(pdftex.def)             Requested size: 390.0pt x 193.26599pt.
(../tables/price_forecast_metrics.tex) (../tables/price_forecast_best_model.tex
)) (./appendices/appendix_c_algorithmic_details.tex [16] [17 <../figures/price_
forecast_accuracy.pdf>]) (./appendices/appendix_d_limitations.tex) [18]
(./main_wiley.aux)
 ***********
LaTeX2e <2025-11-01>
L3 programming layer <2026-01-19>
 ***********
Package rerunfilecheck Info: File `main_wiley.out' has not changed.
(rerunfilecheck)             Checksum: 97A33488C53698A4909B2CF321D0ECB5;4484.
 ) 
Here is how much of TeX's memory you used:
 11204 strings out of 467525
 172506 string characters out of 5418982
 610447 words of memory out of 5000000
 39791 multiletter control sequences out of 15000+600000
 646329 words of font info for 89 fonts, out of 8000000 for 9000
 1141 hyphenation exceptions out of 8191
 80i,9n,82p,338b,524s stack positions out of 10000i,1000n,20000p,200000b,200000s
</usr/local/texlive/2026/texmf-dist/fonts/type1/public/amsfonts/cm/cmr12.pfb>
</usr/local/texlive/2026/texmf-dist/fonts/type1/public/amsfonts/cm/cmsy10.pfb><
/usr/local/texlive/2026/texmf-dist/fonts/type1/public/cm-super/sfbx1095.pfb></u
sr/local/texlive/2026/texmf-dist/fonts/type1/public/cm-super/sfbx1200.pfb></usr
/local/texlive/2026/texmf-dist/fonts/type1/public/cm-super/sfbx1440.pfb></usr/l
ocal/texlive/2026/texmf-dist/fonts/type1/public/cm-super/sfbx1728.pfb></usr/loc
al/texlive/2026/texmf-dist/fonts/type1/public/cm-super/sfrm1095.pfb></usr/local
/texlive/2026/texmf-dist/fonts/type1/public/cm-super/sfrm1200.pfb></usr/local/t
exlive/2026/texmf-dist/fonts/type1/public/cm-super/sfrm1440.pfb></usr/local/tex
live/2026/texmf-dist/fonts/type1/public/cm-super/sfrm2074.pfb></usr/local/texli
ve/2026/texmf-dist/fonts/type1/public/cm-super/sfti1200.pfb></usr/local/texlive
/2026/texmf-dist/fonts/type1/public/cm-super/sftt1200.pfb>
Output written on main_wiley.pdf (18 pages, 388747 bytes).
PDF statistics:
 710 PDF objects out of 1000 (max. 8388607)
 339 compressed objects within 4 object streams
 79 named destinations out of 1000 (max. 500000)
 281 words of extra memory for PDF output out of 10000 (max. 10000000)

